# Time of run:
# Fri Jan 17 18:52:03 2025
# Command:
# berkeley-parser-analyser/berkeley_parse_analyser/classify_english.py gold-fixed.txt stanford-unlexicalized-output.txt berkeley-parser-analyser-outputs/stanford-unlexicalized
#
Printing tree transformations
Sentence 1:
0 Initial errors
0 on fringe, 0 iterations

Sentence 2:
1 Initial errors
0 on fringe, 1 iterations
1 Error:PP Attachment
Step:UNSET init
{'type': 'init', 'classified_type': 'UNSET init'}
(ROOT
	(S
		(PP With a handkerchief)
		(NP she)
		(VP
			(VBD wiped)
			[01;36m(NP[00m
				(NP the sweat)
				(PP from her forehead)[01;36m)[00m)))
Step:PP Attachment
{'type': 'add', 'label': 'NP', 'span': (5, 10), 'subtrees': ['NP', 'PP'], 'parent': 'VP', 'family': ['VBD', 'NP'], 'auto preterminals': ('DT', 'NN', 'IN', 'PRP$', 'NN'), 'auto preterminal span': (5, 10), 'left siblings': [(VBD wiped)], 'right siblings': [], 'over_word': False, 'over words': False, 'classified_type': 'PP Attachment'}
(ROOT With a handkerchief she wiped the sweat from her forehead)

Sentence 3:
4 Initial errors
0 on fringe, 3 iterations
2 Error:Modifier Attachment
1 Error:Single Word Phrase
1 Error:Single Word Phrase
Step:UNSET init
{'type': 'init', 'classified_type': 'UNSET init'}
(ROOT
	(S
		[01;36m(S[00m
			(ADVP Prudently)
			[01;31m(S[00m
				(NP they)
				(VP
					(VBD had)
					(VP
						(VBN diversified)
						(PP
							(IN into)
							(NP
								[01;36m(NP[00m
									(NN banking)[01;36m)[00m
								(CC and)
								[01;36m(NP[00m
									(NN insurance)[01;36m)[00m))))[01;31m)[00m[01;36m)[00m
		(CC and)
		(S as a result their influence was felt at the highest level)))
Step:Modifier Attachment
{'type': 'move', 'old_parent': 'S', 'new_parent': 'S', 'movers': ['ADVP'], 'mover info': [('ADVP', (0, 1))], 'new_family': ['ADVP', 'NP', 'VP'], 'old_family': ['ADVP', 'S', 'CC', 'S'], 'start left siblings': [], 'start right siblings': ['S', 'CC', 'S'], 'end left siblings': [], 'end right siblings': ['NP', 'VP'], 'auto preterminals': ('RB', 'PRP', 'VBD', 'VBN', 'IN', 'NN', 'CC', 'NN', 'CC', 'IN', 'DT', 'NN', 'PRP$', 'NN', 'VBD', 'VBN', 'IN', 'DT', 'JJS', 'NN'), 'auto preterminal span': (0, 20), 'POS confusion': ('RB', 'RB'), 'classified_type': 'Modifier Attachment'}
(ROOT
	(S
		(S
			(ADVP Prudently)
			(NP they)
			(VP
				(VBD had)
				(VP
					(VBN diversified)
					(PP
						(IN into)
						(NP
							[01;36m(NP[00m
								(NN banking)[01;36m)[00m
							(CC and)
							[01;36m(NP[00m
								(NN insurance)[01;36m)[00m)))))
		(CC and)
		(S as a result their influence was felt at the highest level)))
Step:Single Word Phrase
{'type': 'add', 'label': 'NP', 'span': (5, 6), 'subtrees': ['NN'], 'parent': 'NP', 'family': ['NP', 'CC', 'NN'], 'auto preterminals': ('NN',), 'auto preterminal span': (5, 6), 'left siblings': [], 'right siblings': [(CC and), (NN insurance)], 'over_word': True, 'over words': True, 'classified_type': 'Single Word Phrase'}
(ROOT
	(S
		(S
			(ADVP Prudently)
			(NP they)
			(VP
				(VBD had)
				(VP
					(VBN diversified)
					(PP
						(IN into)
						(NP
							(NP banking)
							(CC and)
							[01;36m(NP[00m
								(NN insurance)[01;36m)[00m)))))
		(CC and)
		(S as a result their influence was felt at the highest level)))
Step:Single Word Phrase
{'type': 'add', 'label': 'NP', 'span': (7, 8), 'subtrees': ['NN'], 'parent': 'NP', 'family': ['NP', 'CC', 'NP'], 'auto preterminals': ('NN',), 'auto preterminal span': (7, 8), 'left siblings': [(NP (NN banking)), (CC and)], 'right siblings': [], 'over_word': True, 'over words': True, 'classified_type': 'Single Word Phrase'}
(ROOT Prudently they had diversified into banking and insurance and as a result their influence was felt at the highest level)

Sentence 4:
0 Initial errors
0 on fringe, 0 iterations

Sentence 5:
1 Initial errors
0 on fringe, 1 iterations
1 Error:Single Word Phrase
Step:UNSET init
{'type': 'init', 'classified_type': 'UNSET init'}
(ROOT
	(S
		(SBAR
			(WHADVP When)
			(S
				(PP
					(IN at)
					[01;31m(NP[00m
						([01;36mRB[00m [01;31mJJ[00m last)[01;31m)[00m)
				(NP she)
				(VP spoke)))
		(NP her words)
		(VP were heavy and disjointed)))
Step:Single Word Phrase
{'type': 'remove', 'label': 'NP', 'span': (2, 3), 'subtrees': ['JJ'], 'parent': 'PP', 'family': ['IN', 'NP'], 'left siblings': ['IN'], 'right siblings': [], 'over words': True, 'over_word': True, 'auto preterminals': ('IN', 'JJ'), 'auto preterminal span': (1, 3), 'classified_type': 'Single Word Phrase'}
(ROOT
	(S
		(SBAR
			(WHADVP When)
			(S
				(PP
					(IN at)
					([01;36mRB[00m [01;31mJJ[00m last))
				(NP she)
				(VP spoke)))
		(NP her words)
		(VP were heavy and disjointed)))

Sentence 6:
2 Initial errors
0 on fringe, 1 iterations
2 Error:PP Attachment
Step:UNSET init
{'type': 'init', 'classified_type': 'UNSET init'}
(ROOT
	(S
		(NP The road to the coast)
		(VP
			(VBD was)
			[01;36m(ADJP[00m
				[01;31m(ADJP[00m
					(JJ busy)
					(PP with traffic)[01;31m)[00m
				(PP in both directions)[01;36m)[00m)))
Step:PP Attachment
{'type': 'move', 'old_parent': 'VP', 'new_parent': 'ADJP', 'movers': ['PP'], 'mover info': [('PP', (9, 12))], 'new_family': ['JJ', 'PP', 'PP'], 'old_family': ['VBD', 'ADJP', 'PP'], 'start left siblings': ['VBD', 'ADJP'], 'start right siblings': [], 'end left siblings': ['JJ', 'PP'], 'end right siblings': [], 'auto preterminals': ('VBD', 'JJ', 'IN', 'NN', 'IN', 'DT', 'NNS'), 'auto preterminal span': (5, 12), 'classified_type': 'PP Attachment'}
(ROOT The road to the coast was busy with traffic in both directions)

Sentence 7:
2 Initial errors
0 on fringe, 2 iterations
1 Error:Single Word Phrase
1 Error:Single Word Phrase
Step:UNSET init
{'type': 'init', 'classified_type': 'UNSET init'}
(ROOT
	(S
		(NP
			(DT The)
			([01;36mJJ[00m [01;31mVBN[00m expected)
			(NN date))
		(VP
			[01;31m(VP[00m
				(VBD came)[01;31m)[00m
			(CC and)
			[01;31m(VP[00m
				(VBD went)[01;31m)[00m)))
Step:Single Word Phrase
{'type': 'remove', 'label': 'VP', 'span': (3, 4), 'subtrees': ['VBD'], 'parent': 'VP', 'family': ['VP', 'CC', 'VP'], 'left siblings': [], 'right siblings': ['CC', 'VP'], 'over words': True, 'over_word': True, 'auto preterminals': ('VBD', 'CC', 'VBD'), 'auto preterminal span': (3, 6), 'classified_type': 'Single Word Phrase'}
(ROOT
	(S
		(NP
			(DT The)
			([01;36mJJ[00m [01;31mVBN[00m expected)
			(NN date))
		(VP
			(VBD came)
			(CC and)
			[01;31m(VP[00m
				(VBD went)[01;31m)[00m)))
Step:Single Word Phrase
{'type': 'remove', 'label': 'VP', 'span': (5, 6), 'subtrees': ['VBD'], 'parent': 'VP', 'family': ['VBD', 'CC', 'VP'], 'left siblings': ['VBD', 'CC'], 'right siblings': [], 'over words': True, 'over_word': True, 'auto preterminals': ('VBD', 'CC', 'VBD'), 'auto preterminal span': (3, 6), 'classified_type': 'Single Word Phrase'}
(ROOT
	(S
		(NP
			(DT The)
			([01;36mJJ[00m [01;31mVBN[00m expected)
			(NN date))
		(VP came and went)))

Sentence 8:
20 Initial errors
0 on fringe, 6 iterations
7 Error:Clause Attachment
6 Error:NP Attachment
4 Error:Modifier Attachment
1 Error:PP Attachment
1 Error:Unary
1 Error:Single Word Phrase
Step:UNSET init
{'type': 'init', 'classified_type': 'UNSET init'}
(ROOT
	(S
		[01;31m(S[00m
			(NP She)
			[01;31m(VP[00m [01;33m(VP[00m
				(VBD sighed)
				[01;31m(PP[00m [01;33m(PP[00m
					(IN at)
					[01;31m(NP[00m [01;33m(NP (NP[00m
						(NP the irony)
						[01;31m(PP[00m [01;33m(PP[00m
							(IN of)
							[01;31m(NP[00m [01;33m(NP[00m
								(PRP it)[01;31m)[00m[01;31m)[00m[01;31m)[00m[01;31m)[00m[01;31m)[00m[01;31m)[00m
		([01;36mDT[00m [01;31mRB[00m all) [01;33mNP) PP) NP)[00m
		[01;36m(NP[00m [01;31m(S[00m
			[01;31m(NP[00m
				(NP the waste)
				[01;31m(PP[00m [01;33m(PP[00m
					(IN of)
					[01;31m(NP[00m [01;33m(NP[00m
						(PRP it)[01;31m)[00m[01;31m)[00m[01;31m)[00m
			[01;31m(NP[00m
				(DT all)[01;31m)[00m[01;31m)[00m[01;36m)[00m)) [01;33mNP) PP) NP) PP) VP)[00m
Step:Clause Attachment
{'type': 'move', 'old_parent': 'S', 'new_parent': 'NP', 'movers': ['RB', 'S'], 'mover info': [('RB', (7, 8)), ('S', (8, 13))], 'new_family': ['NP', 'PP', 'RB', 'S'], 'old_family': ['S', 'RB', 'S'], 'start left siblings': ['S'], 'start right siblings': [], 'end left siblings': ['NP', 'PP'], 'end right siblings': [], 'auto preterminals': ('PRP', 'VBD', 'IN', 'DT', 'NN', 'IN', 'PRP', 'RB', 'DT', 'NN', 'IN', 'PRP', 'DT'), 'auto preterminal span': (0, 13), 'classified_type': 'Clause Attachment'}
(ROOT
	(S
		(NP She)
		(VP
			(VBD sighed)
			(PP
				(IN at)
				(NP
					[01;36m(NP[00m
						(NP the irony)
						[01;36m(PP[00m
							[01;31m(PP[00m
								(IN of)
								[01;31m(NP[00m [01;33m(NP[00m
									(PRP it)[01;31m)[00m[01;31m)[00m
							([01;36mDT[00m [01;31mRB[00m all) [01;33mNP)[00m[01;36m)[00m[01;36m)[00m
					[01;36m(NP[00m [01;31m(S[00m
						[01;31m(NP[00m
							(NP the waste)
							[01;31m(PP[00m [01;33m(PP[00m
								(IN of)
								[01;31m(NP[00m [01;33m(NP[00m
									(PRP it)[01;31m)[00m[01;31m)[00m[01;31m)[00m
						[01;31m(NP[00m
							(DT all)[01;31m)[00m[01;31m)[00m[01;36m)[00m))))) [01;33mNP) PP)[00m
Step:NP Attachment
{'type': 'move', 'old_parent': 'S', 'new_parent': 'NP', 'movers': ['NP'], 'mover info': [('NP', (12, 13))], 'new_family': ['PRP', 'NP'], 'old_family': ['NP', 'NP'], 'start left siblings': ['NP'], 'start right siblings': [], 'end left siblings': ['PRP'], 'end right siblings': [], 'auto preterminals': ('DT', 'NN', 'IN', 'PRP', 'DT'), 'auto preterminal span': (8, 13), 'POS confusion': ('DT', 'DT'), 'classified_type': 'NP Attachment'}
(ROOT
	(S
		(NP She)
		(VP
			(VBD sighed)
			(PP
				(IN at)
				(NP
					[01;36m(NP[00m
						(NP the irony)
						[01;36m(PP[00m
							[01;31m(PP[00m
								(IN of)
								[01;31m(NP[00m [01;33m(NP[00m
									(PRP it)[01;31m)[00m[01;31m)[00m
							([01;36mDT[00m [01;31mRB[00m all) [01;33mNP)[00m[01;36m)[00m[01;36m)[00m
					[01;31m(S[00m
						(NP
							(NP the waste)
							(PP
								(IN of)
								(NP
									(PRP it)
									[01;31m(NP[00m
										(DT all)[01;31m)[00m)))[01;31m)[00m)))))
Step:Modifier Attachment
{'type': 'move', 'old_parent': 'NP', 'new_parent': 'NP', 'movers': ['RB'], 'mover info': [('RB', (7, 8))], 'new_family': ['PRP', 'RB'], 'old_family': ['NP', 'PP', 'RB', 'S'], 'start left siblings': ['NP', 'PP'], 'start right siblings': ['S'], 'end left siblings': ['PRP'], 'end right siblings': [], 'auto preterminals': ('DT', 'NN', 'IN', 'PRP', 'RB', 'DT', 'NN', 'IN', 'PRP', 'DT'), 'auto preterminal span': (3, 13), 'POS confusion': ('RB', 'DT'), 'classified_type': 'Modifier Attachment'}
(ROOT
	(S
		(NP She)
		(VP
			(VBD sighed)
			(PP
				(IN at)
				(NP
					[01;36m(NP[00m
						(NP the irony)
						(PP
							(IN of)
							(NP
								(PRP it)
								([01;36mDT[00m [01;31mRB[00m all)))[01;36m)[00m
					[01;31m(S[00m
						(NP
							(NP the waste)
							(PP
								(IN of)
								(NP
									(PRP it)
									[01;31m(NP[00m
										(DT all)[01;31m)[00m)))[01;31m)[00m)))))
Step:PP Attachment
{'type': 'add', 'label': 'NP', 'span': (3, 8), 'subtrees': ['NP', 'PP'], 'parent': 'NP', 'family': ['NP', 'S'], 'auto preterminals': ('DT', 'NN', 'IN', 'PRP', 'RB'), 'auto preterminal span': (3, 8), 'left siblings': [], 'right siblings': [(S (NP (NP (DT the) (NN waste)) (PP (IN of) (NP (PRP it) (NP (DT all))))))], 'over_word': False, 'over words': False, 'classified_type': 'PP Attachment'}
(ROOT
	(S
		(NP She)
		(VP
			(VBD sighed)
			(PP
				(IN at)
				(NP
					(NP
						(NP the irony)
						(PP
							(IN of)
							(NP
								(PRP it)
								([01;36mDT[00m [01;31mRB[00m all))))
					[01;31m(S[00m
						(NP
							(NP the waste)
							(PP
								(IN of)
								(NP
									(PRP it)
									[01;31m(NP[00m
										(DT all)[01;31m)[00m)))[01;31m)[00m)))))
Step:Unary
{'type': 'remove', 'label': 'S', 'span': (8, 13), 'subtrees': ['NP'], 'parent': 'NP', 'family': ['NP', 'S'], 'left siblings': ['NP'], 'right siblings': [], 'over words': False, 'over_word': False, 'auto preterminals': ('DT', 'NN', 'IN', 'PRP', 'RB', 'DT', 'NN', 'IN', 'PRP', 'DT'), 'auto preterminal span': (3, 13), 'classified_type': 'Unary'}
(ROOT
	(S
		(NP She)
		(VP
			(VBD sighed)
			(PP
				(IN at)
				(NP
					(NP
						(NP the irony)
						(PP
							(IN of)
							(NP
								(PRP it)
								([01;36mDT[00m [01;31mRB[00m all))))
					(NP
						(NP the waste)
						(PP
							(IN of)
							(NP
								(PRP it)
								[01;31m(NP[00m
									(DT all)[01;31m)[00m))))))))
Step:Single Word Phrase
{'type': 'remove', 'label': 'NP', 'span': (12, 13), 'subtrees': ['DT'], 'parent': 'NP', 'family': ['PRP', 'NP'], 'left siblings': ['PRP'], 'right siblings': [], 'over words': True, 'over_word': True, 'auto preterminals': ('PRP', 'DT'), 'auto preterminal span': (11, 13), 'classified_type': 'Single Word Phrase'}
(ROOT
	(S
		(NP She)
		(VP
			(VBD sighed)
			(PP
				(IN at)
				(NP
					(NP
						(NP the irony)
						(PP
							(IN of)
							(NP
								(PRP it)
								([01;36mDT[00m [01;31mRB[00m all))))
					(NP the waste of it all))))))

Sentence 9:
11 Initial errors
0 on fringe, 5 iterations
4 Error:UNSET move
2 Error:Different label
2 Error:Modifier Attachment
2 Error:Different label
1 Error:Single Word Phrase
Step:UNSET init
{'type': 'init', 'classified_type': 'UNSET init'}
(ROOT [01;33m(PP[00m
	(S
		[01;31m(NP[00m
			[01;31m(NP[00m
				(DT All)[01;31m)[00m
			[01;31m(PP[00m [01;33m(PP[00m
				(IN through)
				[01;31m(NP[00m
					[01;36m(NP[00m
						(NNP August) [01;33mPP) PP)[00m[01;36m)[00m
					[01;36m(NP[00m
						(DT the)
						(NN rain)[01;36m)[00m[01;31m)[00m[01;31m)[00m[01;31m)[00m
		[01;36m(VP[00m
			[01;31m(ADVP[00m
				(RB hardly)[01;31m)[00m
			[01;31m(VP[00m
				(VBD stopped)[01;31m)[00m[01;36m)[00m))
Step:UNSET move
{'type': 'move', 'old_parent': 'NP', 'new_parent': 'ADVP', 'movers': ['DT', 'NN'], 'mover info': [('DT', (3, 4)), ('NN', (4, 5))], 'new_family': ['DT', 'NN', 'RB'], 'old_family': ['NNP', 'DT', 'NN'], 'start left siblings': ['NNP'], 'start right siblings': [], 'end left siblings': [], 'end right siblings': ['RB'], 'auto preterminals': ('DT', 'IN', 'NNP', 'DT', 'NN', 'RB', 'VBD'), 'auto preterminal span': (0, 7), 'classified_type': 'UNSET move'}
(ROOT
	(S
		[01;36m(PP[00m [01;31m(NP[00m
			[01;31m(NP[00m
				(DT All)[01;31m)[00m
			(PP through August)[01;31m)[00m[01;36m)[00m
		[01;31m(ADVP[00m
			[01;36m(NP[00m
				(DT the)
				(NN rain)[01;36m)[00m
			(RB [01;33m(VP[00m hardly)[01;31m)[00m
		[01;31m(VP[00m
			(VBD stopped)[01;31m)[00m)) [01;33mVP)[00m
Step:Different label
{'type': 'relabel', 'change': ('NP', 'PP'), 'subtrees': ['NP', 'PP'], 'parent': 'S', 'span': (0, 3), 'family': ['PP', 'ADVP', 'VP'], 'auto preterminals': ('DT', 'IN', 'NNP'), 'auto preterminal span': (0, 3), 'over_word': False, 'classified_type': 'Different label'}
(ROOT
	(S
		(PP
			[01;31m(NP[00m
				(DT All)[01;31m)[00m
			(PP through August))
		[01;31m(ADVP[00m
			[01;36m(NP[00m
				(DT the)
				(NN rain)[01;36m)[00m
			(RB [01;33m(VP[00m hardly)[01;31m)[00m
		[01;31m(VP[00m
			(VBD stopped)[01;31m)[00m)) [01;33mVP)[00m
Step:Modifier Attachment
{'type': 'move', 'old_parent': 'ADVP', 'new_parent': 'VP', 'movers': ['RB'], 'mover info': [('RB', (5, 6))], 'new_family': ['RB', 'VBD'], 'old_family': ['DT', 'NN', 'RB'], 'start left siblings': ['DT', 'NN'], 'start right siblings': [], 'end left siblings': [], 'end right siblings': ['VBD'], 'auto preterminals': ('DT', 'IN', 'NNP', 'DT', 'NN', 'RB', 'VBD'), 'auto preterminal span': (0, 7), 'POS confusion': ('RB', 'RB'), 'classified_type': 'Modifier Attachment'}
(ROOT
	(S
		(PP
			[01;31m(NP[00m
				(DT All)[01;31m)[00m
			(PP through August))
		[01;36m(NP[00m [01;31m(ADVP[00m
			(DT the)
			(NN rain)[01;31m)[00m[01;36m)[00m
		(VP hardly stopped)))
Step:Different label
{'type': 'relabel', 'change': ('ADVP', 'NP'), 'subtrees': ['DT', 'NN'], 'parent': 'S', 'span': (3, 5), 'family': ['PP', 'NP', 'VP'], 'auto preterminals': ('DT', 'NN'), 'auto preterminal span': (3, 5), 'over_word': False, 'classified_type': 'Different label'}
(ROOT
	(S
		(PP
			[01;31m(NP[00m
				(DT All)[01;31m)[00m
			(PP through August))
		(NP the rain)
		(VP hardly stopped)))
Step:Single Word Phrase
{'type': 'remove', 'label': 'NP', 'span': (0, 1), 'subtrees': ['DT'], 'parent': 'PP', 'family': ['NP', 'PP'], 'left siblings': [], 'right siblings': ['PP'], 'over words': True, 'over_word': True, 'auto preterminals': ('DT', 'IN', 'NNP'), 'auto preterminal span': (0, 3), 'classified_type': 'Single Word Phrase'}
(ROOT All through August the rain hardly stopped)

Sentence 10:
1 Initial errors
0 on fringe, 1 iterations
1 Error:Clause Attachment
Step:UNSET init
{'type': 'init', 'classified_type': 'UNSET init'}
(ROOT
	(S
		(VP
			([01;36mVBP[00m [01;31mVB[00m Thank)
			[01;36m(NP[00m
				(NP the gods)
				(SBAR he did n't have to know of this)[01;36m)[00m)))
Step:Clause Attachment
{'type': 'add', 'label': 'NP', 'span': (1, 11), 'subtrees': ['NP', 'SBAR'], 'parent': 'VP', 'family': ['VB', 'NP'], 'auto preterminals': ('DT', 'NNS', 'PRP', 'VBD', 'RB', 'VB', 'TO', 'VB', 'IN', 'DT'), 'auto preterminal span': (1, 11), 'left siblings': [(VB Thank)], 'right siblings': [], 'over_word': False, 'over words': False, 'classified_type': 'Clause Attachment'}
(ROOT
	(S
		(VP
			([01;36mVBP[00m [01;31mVB[00m Thank)
			(NP the gods he did n't have to know of this))))

Sentence 11:
6 Initial errors
0 on fringe, 5 iterations
2 Error:NP Attachment
1 Error:Unary
1 Error:Single Word Phrase
1 Error:Unary
1 Error:Single Word Phrase
Step:UNSET init
{'type': 'init', 'classified_type': 'UNSET init'}
(ROOT
	(S
		(NP
			[01;31m(NP[00m
				(NP The horse)
				[01;36m(ADVP[00m
					(CONJP
						(RB as)
						(RB well)
						([01;36mRB[00m [01;31mIN[00m as))[01;36m)[00m
				[01;33m(NP[00m (NP the rabbits)[01;31m)[00m
			(SBAR
				(WHNP which)
				(S
					[01;31m(NP[00m
						(PRP we)[01;31m)[00m
					(VP
						(VBD wanted)
						[01;31m(S[00m
							(VP
								(TO to)
								[01;31m(VP[00m
									(VB eat)[01;31m)[00m)[01;31m)[00m)))) [01;33mNP)[00m
		(VP has escaped)))
Step:NP Attachment
{'type': 'move', 'old_parent': 'NP', 'new_parent': 'S', 'movers': ['NP', 'CONJP'], 'mover info': [('NP', (0, 2)), ('CONJP', (2, 5))], 'new_family': ['NP', 'CONJP', 'NP', 'VP'], 'old_family': ['NP', 'CONJP', 'NP'], 'start left siblings': [], 'start right siblings': ['NP'], 'end left siblings': [], 'end right siblings': ['NP', 'VP'], 'auto preterminals': ('DT', 'NN', 'RB', 'RB', 'IN', 'DT', 'NNS', 'WDT', 'PRP', 'VBD', 'TO', 'VB', 'VBZ', 'VBN'), 'auto preterminal span': (0, 14), 'added and moved': True, 'added label': 'ADVP', 'adding node already present': False, 'classified_type': 'NP Attachment'}
(ROOT
	(S
		(NP
			(NP The horse)
			[01;36m(ADVP[00m
				(CONJP
					(RB as)
					(RB well)
					([01;36mRB[00m [01;31mIN[00m as))[01;36m)[00m
			(NP
				(NP the rabbits)
				(SBAR
					(WHNP which)
					(S
						[01;31m(NP[00m
							(PRP we)[01;31m)[00m
						(VP
							(VBD wanted)
							[01;31m(S[00m
								(VP
									(TO to)
									[01;31m(VP[00m
										(VB eat)[01;31m)[00m)[01;31m)[00m)))))
		(VP has escaped)))
Step:Unary
{'type': 'add', 'label': 'ADVP', 'span': (2, 5), 'subtrees': ['CONJP'], 'parent': 'NP', 'family': ['NP', 'ADVP', 'NP'], 'auto preterminals': ('RB', 'RB', 'IN'), 'auto preterminal span': (2, 5), 'left siblings': [(NP (DT The) (NN horse))], 'right siblings': [(NP (NP (DT the) (NNS rabbits)) (SBAR (WHNP (WDT which)) (S (NP (PRP we)) (VP (VBD wanted) (S (VP (TO to) (VP (VB eat))))))))], 'over_word': False, 'over words': False, 'classified_type': 'Unary'}
(ROOT
	(S
		(NP
			(NP The horse)
			(ADVP
				(CONJP
					(RB as)
					(RB well)
					([01;36mRB[00m [01;31mIN[00m as)))
			(NP
				(NP the rabbits)
				(SBAR
					(WHNP which)
					(S
						[01;31m(NP[00m
							(PRP we)[01;31m)[00m
						(VP
							(VBD wanted)
							[01;31m(S[00m
								(VP
									(TO to)
									[01;31m(VP[00m
										(VB eat)[01;31m)[00m)[01;31m)[00m)))))
		(VP has escaped)))
Step:Single Word Phrase
{'type': 'remove', 'label': 'NP', 'span': (8, 9), 'subtrees': ['PRP'], 'parent': 'S', 'family': ['NP', 'VP'], 'left siblings': [], 'right siblings': ['VP'], 'over words': True, 'over_word': True, 'auto preterminals': ('PRP', 'VBD', 'TO', 'VB'), 'auto preterminal span': (8, 12), 'classified_type': 'Single Word Phrase'}
(ROOT
	(S
		(NP
			(NP The horse)
			(ADVP
				(CONJP
					(RB as)
					(RB well)
					([01;36mRB[00m [01;31mIN[00m as)))
			(NP
				(NP the rabbits)
				(SBAR
					(WHNP which)
					(S
						(PRP we)
						(VP
							(VBD wanted)
							[01;31m(S[00m
								(VP
									(TO to)
									[01;31m(VP[00m
										(VB eat)[01;31m)[00m)[01;31m)[00m)))))
		(VP has escaped)))
Step:Unary
{'type': 'remove', 'label': 'S', 'span': (10, 12), 'subtrees': ['VP'], 'parent': 'VP', 'family': ['VBD', 'S'], 'left siblings': ['VBD'], 'right siblings': [], 'over words': False, 'over_word': False, 'auto preterminals': ('VBD', 'TO', 'VB'), 'auto preterminal span': (9, 12), 'classified_type': 'Unary'}
(ROOT
	(S
		(NP
			(NP The horse)
			(ADVP
				(CONJP
					(RB as)
					(RB well)
					([01;36mRB[00m [01;31mIN[00m as)))
			(NP
				(NP the rabbits)
				(SBAR
					(WHNP which)
					(S
						(PRP we)
						(VP
							(VBD wanted)
							(VP
								(TO to)
								[01;31m(VP[00m
									(VB eat)[01;31m)[00m))))))
		(VP has escaped)))
Step:Single Word Phrase
{'type': 'remove', 'label': 'VP', 'span': (11, 12), 'subtrees': ['VB'], 'parent': 'VP', 'family': ['TO', 'VP'], 'left siblings': ['TO'], 'right siblings': [], 'over words': True, 'over_word': True, 'auto preterminals': ('TO', 'VB'), 'auto preterminal span': (10, 12), 'classified_type': 'Single Word Phrase'}
(ROOT
	(S
		(NP
			(NP The horse)
			(ADVP
				(CONJP
					(RB as)
					(RB well)
					([01;36mRB[00m [01;31mIN[00m as)))
			(NP the rabbits which we wanted to eat))
		(VP has escaped)))

Sentence 12:
8 Initial errors
0 on fringe, 4 iterations
3 Error:UNSET move
2 Error:Different label
2 Error:Clause Attachment
1 Error:Single Word Phrase
Step:UNSET init
{'type': 'init', 'classified_type': 'UNSET init'}
(ROOT
	(S
		(NP Natural disasters storms flooding hurricanes)
		(VP
			(VP
				[01;36m(VP[00m
					(VBP occur)[01;36m)[00m
				(ADVP infrequently))
			(CC but)
			(VP
				(VBP cause)
				[01;36m(NP[00m
					[01;31m(NP[00m
						(NN devastation)[01;31m)[00m
					(SBAR
						([01;36mWDT[00m [01;31mIN[00m that)
						[01;36m(VP[00m [01;31m(S[00m
							[01;36m(VP[00m [01;31m(NP[00m
								([01;36mVBZ[00m [01;31mNNS[00m strains)
								[01;36m(NP[00m
									(NNS resources)[01;36m)[00m[01;31m)[00m[01;36m)[00m
							(PP
								([01;36mIN[00m [01;31mTO[00m to)
								(NP
									([01;36mNN[00m [01;31mJJ[00m breaking)
									(NN point)))[01;31m)[00m[01;36m)[00m)[01;36m)[00m))))
Step:UNSET move
{'type': 'move', 'old_parent': 'NP', 'new_parent': 'S', 'movers': ['NNS'], 'mover info': [('NNS', (11, 12))], 'new_family': ['NNS', 'NP', 'PP'], 'old_family': ['NNS', 'NNS'], 'start left siblings': [], 'start right siblings': ['NNS'], 'end left siblings': [], 'end right siblings': ['NP', 'PP'], 'auto preterminals': ('NNS', 'NNS', 'TO', 'JJ', 'NN'), 'auto preterminal span': (11, 16), 'POS confusion': ('NNS', 'VBZ'), 'added and moved': True, 'added label': 'VP', 'adding node already present': False, 'classified_type': 'UNSET move'}
(ROOT
	(S
		(NP Natural disasters storms flooding hurricanes)
		(VP
			(VP
				[01;36m(VP[00m
					(VBP occur)[01;36m)[00m
				(ADVP infrequently))
			(CC but)
			(VP
				(VBP cause)
				[01;36m(NP[00m
					[01;31m(NP[00m
						(NN devastation)[01;31m)[00m
					(SBAR
						([01;36mWDT[00m [01;31mIN[00m that)
						[01;36m(VP[00m [01;31m(S[00m
							(VP
								([01;36mVBZ[00m [01;31mNNS[00m strains)
								(NP resources))
							(PP
								([01;36mIN[00m [01;31mTO[00m to)
								(NP
									([01;36mNN[00m [01;31mJJ[00m breaking)
									(NN point)))[01;31m)[00m[01;36m)[00m)[01;36m)[00m))))
Step:Different label
{'type': 'relabel', 'change': ('S', 'VP'), 'subtrees': ['VP', 'PP'], 'parent': 'SBAR', 'span': (11, 16), 'family': ['IN', 'VP'], 'auto preterminals': ('NNS', 'NNS', 'TO', 'JJ', 'NN'), 'auto preterminal span': (11, 16), 'over_word': False, 'classified_type': 'Different label'}
(ROOT
	(S
		(NP Natural disasters storms flooding hurricanes)
		(VP
			(VP
				[01;36m(VP[00m
					(VBP occur)[01;36m)[00m
				(ADVP infrequently))
			(CC but)
			(VP
				(VBP cause)
				[01;36m(NP[00m
					[01;31m(NP[00m
						(NN devastation)[01;31m)[00m
					(SBAR
						([01;36mWDT[00m [01;31mIN[00m that)
						(VP
							(VP
								([01;36mVBZ[00m [01;31mNNS[00m strains)
								(NP resources))
							(PP
								([01;36mIN[00m [01;31mTO[00m to)
								(NP
									([01;36mNN[00m [01;31mJJ[00m breaking)
									(NN point)))))[01;36m)[00m))))
Step:Clause Attachment
{'type': 'move', 'old_parent': 'VP', 'new_parent': 'NP', 'movers': ['SBAR'], 'mover info': [('SBAR', (10, 16))], 'new_family': ['NN', 'SBAR'], 'old_family': ['VBP', 'NP', 'SBAR'], 'start left siblings': ['VBP', 'NP'], 'start right siblings': [], 'end left siblings': ['NN'], 'end right siblings': [], 'auto preterminals': ('VBP', 'NN', 'IN', 'NNS', 'NNS', 'TO', 'JJ', 'NN'), 'auto preterminal span': (8, 16), 'classified_type': 'Clause Attachment'}
(ROOT
	(S
		(NP Natural disasters storms flooding hurricanes)
		(VP
			(VP
				[01;36m(VP[00m
					(VBP occur)[01;36m)[00m
				(ADVP infrequently))
			(CC but)
			(VP
				(VBP cause)
				(NP
					(NN devastation)
					(SBAR
						([01;36mWDT[00m [01;31mIN[00m that)
						(VP
							(VP
								([01;36mVBZ[00m [01;31mNNS[00m strains)
								(NP resources))
							(PP
								([01;36mIN[00m [01;31mTO[00m to)
								(NP
									([01;36mNN[00m [01;31mJJ[00m breaking)
									(NN point))))))))))
Step:Single Word Phrase
{'type': 'add', 'label': 'VP', 'span': (5, 6), 'subtrees': ['VBP'], 'parent': 'VP', 'family': ['VP', 'ADVP'], 'auto preterminals': ('VBP',), 'auto preterminal span': (5, 6), 'left siblings': [], 'right siblings': [(ADVP (RB infrequently))], 'over_word': True, 'over words': True, 'classified_type': 'Single Word Phrase'}
(ROOT
	(S
		(NP Natural disasters storms flooding hurricanes)
		(VP
			(VP occur infrequently)
			(CC but)
			(VP
				(VBP cause)
				(NP
					(NN devastation)
					(SBAR
						([01;36mWDT[00m [01;31mIN[00m that)
						(VP
							(VP
								([01;36mVBZ[00m [01;31mNNS[00m strains)
								(NP resources))
							(PP
								([01;36mIN[00m [01;31mTO[00m to)
								(NP
									([01;36mNN[00m [01;31mJJ[00m breaking)
									(NN point))))))))))

Sentence 13:
15 Initial errors
0 on fringe, 11 iterations
3 Error:NP Attachment
2 Error:Clause Attachment
2 Error:Modifier Attachment
1 Error:PP Attachment
1 Error:Unary
1 Error:Single Word Phrase
1 Error:Clause Attachment
1 Error:Modifier Attachment
1 Error:Single Word Phrase
1 Error:UNSET add
1 Error:UNSET remove
Step:UNSET init
{'type': 'init', 'classified_type': 'UNSET init'}
(ROOT
	(S
		[01;31m(S[00m
			(NP
				(NP Letters)
				[01;36m(SBAR[00m
					(VP
						[01;36m(VP[00m
							(VBN delivered)
							(PP on time)[01;36m)[00m
						(PP by old-fashioned means))[01;36m)[00m)
			(VP are increasingly rare)[01;31m)[00m
		[01;36m(SBAR[00m
			[01;36m(ADVP[00m
				([01;36mRB[00m [01;31mIN[00m so)[01;36m)[00m
			(S
				(NP it)
				(VP [01;33m(VP[00m
					(VBZ is)
					[01;31m(ADVP[00m
						(ADVP as well) [01;33mVP)[00m
						(SBAR
							(IN that)
							(S
								(NP that)
								(VP
									(VBZ is)
									[01;36m(ADVP[00m [01;31m(ADJP[00m
										[01;31m(NP[00m
											(RB not)
											[01;36m(NP[00m
												(DT [01;33m(NP[00m the)
												[01;36m(NP[00m
													[01;36m(ADJP[00m
														(JJ only)[01;36m)[00m
													(NN option)[01;36m)[00m[01;36m)[00m[01;31m)[00m
										[01;36m(ADJP[00m
											(JJ available)[01;36m)[00m[01;31m)[00m[01;36m)[00m)))[01;31m)[00m))[01;36m)[00m)) [01;33mNP)[00m
Step:NP Attachment
{'type': 'move', 'old_parent': 'ADJP', 'new_parent': 'VP', 'movers': ['NP'], 'mover info': [('NP', (18, 22))], 'new_family': ['VBZ', 'NP', 'ADJP'], 'old_family': ['NP', 'JJ'], 'start left siblings': [], 'start right siblings': ['JJ'], 'end left siblings': ['VBZ'], 'end right siblings': ['ADJP'], 'auto preterminals': ('VBZ', 'RB', 'DT', 'JJ', 'NN', 'JJ'), 'auto preterminal span': (17, 23), 'added and moved': True, 'added label': 'NP', 'adding node already present': False, 'classified_type': 'NP Attachment'}
(ROOT
	(S
		[01;31m(S[00m
			(NP
				(NP Letters)
				[01;36m(SBAR[00m
					(VP
						[01;36m(VP[00m
							(VBN delivered)
							(PP on time)[01;36m)[00m
						(PP by old-fashioned means))[01;36m)[00m)
			(VP are increasingly rare)[01;31m)[00m
		[01;36m(SBAR[00m
			[01;36m(ADVP[00m
				([01;36mRB[00m [01;31mIN[00m so)[01;36m)[00m
			(S
				(NP it)
				(VP [01;33m(VP[00m
					(VBZ is)
					[01;31m(ADVP[00m
						(ADVP as well) [01;33mVP)[00m
						(SBAR
							(IN that)
							(S
								(NP that)
								(VP
									(VBZ is)
									(ADVP
										[01;31m(NP[00m
											(RB not)
											[01;36m(NP[00m
												(DT [01;33m(NP[00m the)
												[01;36m(NP[00m
													[01;36m(ADJP[00m
														(JJ only)[01;36m)[00m
													(NN option)[01;36m)[00m[01;36m)[00m[01;31m)[00m
										(ADJP available)))))[01;31m)[00m))[01;36m)[00m)) [01;33mNP)[00m
Step:Clause Attachment
{'type': 'move', 'old_parent': 'ADVP', 'new_parent': 'S', 'movers': ['SBAR'], 'mover info': [('SBAR', (15, 23))], 'new_family': ['NP', 'VP', 'SBAR'], 'old_family': ['ADVP', 'SBAR'], 'start left siblings': ['ADVP'], 'start right siblings': [], 'end left siblings': ['NP', 'VP'], 'end right siblings': [], 'auto preterminals': ('PRP', 'VBZ', 'RB', 'RB', 'IN', 'DT', 'VBZ', 'RB', 'DT', 'JJ', 'NN', 'JJ'), 'auto preterminal span': (11, 23), 'added and moved': True, 'added label': 'NP', 'adding node already present': False, 'classified_type': 'Clause Attachment'}
(ROOT
	(S
		[01;31m(S[00m
			(NP
				(NP Letters)
				[01;36m(SBAR[00m
					(VP
						[01;36m(VP[00m
							(VBN delivered)
							(PP on time)[01;36m)[00m
						(PP by old-fashioned means))[01;36m)[00m)
			(VP are increasingly rare)[01;31m)[00m
		[01;36m(SBAR[00m
			[01;36m(ADVP[00m
				([01;36mRB[00m [01;31mIN[00m so)[01;36m)[00m
			(S
				(NP it)
				(VP
					(VP is as well)
					(SBAR
						(IN that)
						(S
							(NP that)
							(VP
								(VBZ is)
								(ADVP
									[01;31m(NP[00m
										(RB not)
										[01;36m(NP[00m
											(DT [01;33m(NP[00m the)
											[01;36m(NP[00m
												[01;36m(ADJP[00m
													(JJ only)[01;36m)[00m
												(NN option)[01;36m)[00m[01;36m)[00m[01;31m)[00m
									(ADJP available)))))))[01;36m)[00m)) [01;33mNP)[00m
Step:Modifier Attachment
{'type': 'move', 'old_parent': 'NP', 'new_parent': 'ADVP', 'movers': ['RB'], 'mover info': [('RB', (18, 19))], 'new_family': ['RB', 'NP', 'ADJP'], 'old_family': ['RB', 'DT', 'JJ', 'NN'], 'start left siblings': [], 'start right siblings': ['DT', 'JJ', 'NN'], 'end left siblings': [], 'end right siblings': ['NP', 'ADJP'], 'auto preterminals': ('RB', 'DT', 'JJ', 'NN', 'JJ'), 'auto preterminal span': (18, 23), 'POS confusion': ('RB', 'RB'), 'classified_type': 'Modifier Attachment'}
(ROOT
	(S
		[01;31m(S[00m
			(NP
				(NP Letters)
				[01;36m(SBAR[00m
					(VP
						[01;36m(VP[00m
							(VBN delivered)
							(PP on time)[01;36m)[00m
						(PP by old-fashioned means))[01;36m)[00m)
			(VP are increasingly rare)[01;31m)[00m
		[01;36m(SBAR[00m
			[01;36m(ADVP[00m
				([01;36mRB[00m [01;31mIN[00m so)[01;36m)[00m
			(S
				(NP it)
				(VP
					(VP is as well)
					(SBAR
						(IN that)
						(S
							(NP that)
							(VP
								(VBZ is)
								(ADVP
									(RB not)
									[01;36m(NP[00m
										(NP
											(DT the)
											[01;36m(NP[00m
												[01;36m(ADJP[00m
													(JJ only)[01;36m)[00m
												(NN option)[01;36m)[00m)
										(ADJP available)[01;36m)[00m))))))[01;36m)[00m))
Step:PP Attachment
{'type': 'add', 'label': 'VP', 'span': (1, 4), 'subtrees': ['VBN', 'PP'], 'parent': 'VP', 'family': ['VP', 'PP'], 'auto preterminals': ('VBN', 'IN', 'NN'), 'auto preterminal span': (1, 4), 'left siblings': [], 'right siblings': [(PP (IN by) (NP (JJ old-fashioned) (NNS means)))], 'over_word': False, 'over words': False, 'classified_type': 'PP Attachment'}
(ROOT
	(S
		[01;31m(S[00m
			(NP
				(NP Letters)
				[01;36m(SBAR[00m
					(VP
						(VP delivered on time)
						(PP by old-fashioned means))[01;36m)[00m)
			(VP are increasingly rare)[01;31m)[00m
		[01;36m(SBAR[00m
			[01;36m(ADVP[00m
				([01;36mRB[00m [01;31mIN[00m so)[01;36m)[00m
			(S
				(NP it)
				(VP
					(VP is as well)
					(SBAR
						(IN that)
						(S
							(NP that)
							(VP
								(VBZ is)
								(ADVP
									(RB not)
									[01;36m(NP[00m
										(NP
											(DT the)
											[01;36m(NP[00m
												[01;36m(ADJP[00m
													(JJ only)[01;36m)[00m
												(NN option)[01;36m)[00m)
										(ADJP available)[01;36m)[00m))))))[01;36m)[00m))
Step:Unary
{'type': 'add', 'label': 'SBAR', 'span': (1, 7), 'subtrees': ['VP'], 'parent': 'NP', 'family': ['NP', 'SBAR'], 'auto preterminals': ('VBN', 'IN', 'NN', 'IN', 'JJ', 'NNS'), 'auto preterminal span': (1, 7), 'left siblings': [(NP (NNS Letters))], 'right siblings': [], 'over_word': False, 'over words': False, 'classified_type': 'Unary'}
(ROOT
	(S
		[01;31m(S[00m
			(NP Letters delivered on time by old-fashioned means)
			(VP are increasingly rare)[01;31m)[00m
		[01;36m(SBAR[00m
			[01;36m(ADVP[00m
				([01;36mRB[00m [01;31mIN[00m so)[01;36m)[00m
			(S
				(NP it)
				(VP
					(VP is as well)
					(SBAR
						(IN that)
						(S
							(NP that)
							(VP
								(VBZ is)
								(ADVP
									(RB not)
									[01;36m(NP[00m
										(NP
											(DT the)
											[01;36m(NP[00m
												[01;36m(ADJP[00m
													(JJ only)[01;36m)[00m
												(NN option)[01;36m)[00m)
										(ADJP available)[01;36m)[00m))))))[01;36m)[00m))
Step:Single Word Phrase
{'type': 'add', 'label': 'ADVP', 'span': (10, 11), 'subtrees': ['IN'], 'parent': 'S', 'family': ['S', 'ADVP', 'S'], 'auto preterminals': ('IN',), 'auto preterminal span': (10, 11), 'left siblings': [(S (NP (NP (NNS Letters)) (SBAR (VP (VP (VBN delivered) (PP (IN on) (NP (NN time)))) (PP (IN by) (NP (JJ old-fashioned) (NNS means)))))) (VP (VBP are) (ADJP (RB increasingly) (JJ rare))))], 'right siblings': [(S (NP (PRP it)) (VP (VP (VBZ is) (ADVP (RB as) (RB well))) (SBAR (IN that) (S (NP (DT that)) (VP (VBZ is) (ADVP (RB not) (NP (DT the) (JJ only) (NN option)) (ADJP (JJ available))))))))], 'over_word': True, 'over words': True, 'classified_type': 'Single Word Phrase'}
(ROOT
	(S
		[01;31m(S[00m
			(NP Letters delivered on time by old-fashioned means)
			(VP are increasingly rare)[01;31m)[00m
		[01;36m(SBAR[00m
			(ADVP
				([01;36mRB[00m [01;31mIN[00m so))
			(S
				(NP it)
				(VP
					(VP is as well)
					(SBAR
						(IN that)
						(S
							(NP that)
							(VP
								(VBZ is)
								(ADVP
									(RB not)
									[01;36m(NP[00m
										(NP
											(DT the)
											[01;36m(NP[00m
												[01;36m(ADJP[00m
													(JJ only)[01;36m)[00m
												(NN option)[01;36m)[00m)
										(ADJP available)[01;36m)[00m))))))[01;36m)[00m))
Step:Clause Attachment
{'type': 'add', 'label': 'SBAR', 'span': (10, 23), 'subtrees': ['ADVP', 'S'], 'parent': 'S', 'family': ['S', 'SBAR'], 'auto preterminals': ('IN', 'PRP', 'VBZ', 'RB', 'RB', 'IN', 'DT', 'VBZ', 'RB', 'DT', 'JJ', 'NN', 'JJ'), 'auto preterminal span': (10, 23), 'left siblings': [(S (NP (NP (NNS Letters)) (SBAR (VP (VP (VBN delivered) (PP (IN on) (NP (NN time)))) (PP (IN by) (NP (JJ old-fashioned) (NNS means)))))) (VP (VBP are) (ADJP (RB increasingly) (JJ rare))))], 'right siblings': [], 'over_word': False, 'over words': False, 'classified_type': 'Clause Attachment'}
(ROOT
	(S
		[01;31m(S[00m
			(NP Letters delivered on time by old-fashioned means)
			(VP are increasingly rare)[01;31m)[00m
		(SBAR
			(ADVP
				([01;36mRB[00m [01;31mIN[00m so))
			(S
				(NP it)
				(VP
					(VP is as well)
					(SBAR
						(IN that)
						(S
							(NP that)
							(VP
								(VBZ is)
								(ADVP
									(RB not)
									[01;36m(NP[00m
										(NP
											(DT the)
											[01;36m(NP[00m
												[01;36m(ADJP[00m
													(JJ only)[01;36m)[00m
												(NN option)[01;36m)[00m)
										(ADJP available)[01;36m)[00m)))))))))
Step:Modifier Attachment
{'type': 'add', 'label': 'NP', 'span': (19, 23), 'subtrees': ['NP', 'ADJP'], 'parent': 'ADVP', 'family': ['RB', 'NP'], 'auto preterminals': ('DT', 'JJ', 'NN', 'JJ'), 'auto preterminal span': (19, 23), 'left siblings': [(RB not)], 'right siblings': [], 'over_word': False, 'over words': False, 'classified_type': 'Modifier Attachment'}
(ROOT
	(S
		[01;31m(S[00m
			(NP Letters delivered on time by old-fashioned means)
			(VP are increasingly rare)[01;31m)[00m
		(SBAR
			(ADVP
				([01;36mRB[00m [01;31mIN[00m so))
			(S
				(NP it)
				(VP
					(VP is as well)
					(SBAR
						(IN that)
						(S
							(NP that)
							(VP
								(VBZ is)
								(ADVP
									(RB not)
									(NP
										(NP
											(DT the)
											[01;36m(NP[00m
												[01;36m(ADJP[00m
													(JJ only)[01;36m)[00m
												(NN option)[01;36m)[00m)
										(ADJP available)))))))))))
Step:Single Word Phrase
{'type': 'add', 'label': 'ADJP', 'span': (20, 21), 'subtrees': ['JJ'], 'parent': 'NP', 'family': ['DT', 'ADJP', 'NN'], 'auto preterminals': ('JJ',), 'auto preterminal span': (20, 21), 'left siblings': [(DT the)], 'right siblings': [(NN option)], 'over_word': True, 'over words': True, 'classified_type': 'Single Word Phrase'}
(ROOT
	(S
		[01;31m(S[00m
			(NP Letters delivered on time by old-fashioned means)
			(VP are increasingly rare)[01;31m)[00m
		(SBAR
			(ADVP
				([01;36mRB[00m [01;31mIN[00m so))
			(S
				(NP it)
				(VP
					(VP is as well)
					(SBAR
						(IN that)
						(S
							(NP that)
							(VP
								(VBZ is)
								(ADVP
									(RB not)
									(NP
										(NP
											(DT the)
											[01;36m(NP[00m
												(ADJP only)
												(NN option)[01;36m)[00m)
										(ADJP available)))))))))))
Step:UNSET add
{'type': 'add', 'label': 'NP', 'span': (20, 22), 'subtrees': ['ADJP', 'NN'], 'parent': 'NP', 'family': ['DT', 'NP'], 'auto preterminals': ('JJ', 'NN'), 'auto preterminal span': (20, 22), 'left siblings': [(DT the)], 'right siblings': [], 'over_word': False, 'over words': False, 'classified_type': 'UNSET add'}
(ROOT
	(S
		[01;31m(S[00m
			(NP Letters delivered on time by old-fashioned means)
			(VP are increasingly rare)[01;31m)[00m
		(SBAR
			(ADVP
				([01;36mRB[00m [01;31mIN[00m so))
			(S it is as well that that is not the only option available))))
Step:UNSET remove
{'type': 'remove', 'label': 'S', 'span': (0, 10), 'subtrees': ['NP', 'VP'], 'parent': 'S', 'family': ['S', 'SBAR'], 'left siblings': [], 'right siblings': ['SBAR'], 'over words': False, 'over_word': False, 'auto preterminals': ('NNS', 'VBN', 'IN', 'NN', 'IN', 'JJ', 'NNS', 'VBP', 'RB', 'JJ', 'IN', 'PRP', 'VBZ', 'RB', 'RB', 'IN', 'DT', 'VBZ', 'RB', 'DT', 'JJ', 'NN', 'JJ'), 'auto preterminal span': (0, 23), 'POS confusion': ('IN', 'RB'), 'classified_type': 'UNSET remove'}
(ROOT
	(S
		(NP Letters delivered on time by old-fashioned means)
		(VP are increasingly rare)
		(SBAR
			(ADVP
				([01;36mRB[00m [01;31mIN[00m so))
			(S it is as well that that is not the only option available))))

